<?xml version="1.0" encoding="UTF-8"?>
<!-- Generated by org.testng.reporters.JUnitReportReporter -->
<testsuite hostname="DESKTOP-5DA2VGQ" failures="0" tests="1" name="webautomation.Webpageload" time="71.183" errors="0" timestamp="2022-11-06T00:14:50 BDT" skipped="0">
  <testcase classname="webautomation.Webpageload" name="LoadGooglePage" time="71.183"/>
  <system-out/>
</testsuite> <!-- webautomation.Webpageload -->
