<?xml version="1.0" encoding="UTF-8"?>
<!-- Generated by org.testng.reporters.JUnitReportReporter -->
<testsuite hostname="DESKTOP-5DA2VGQ" failures="0" tests="2" name="webautomation.RadioButtonCheckbox" time="10.527" errors="0" timestamp="2022-12-17T17:30:48 BDT" skipped="0">
  <testcase classname="webautomation.RadioButtonCheckbox" name="startWebSite" time="5.364"/>
  <system-out/>
  <testcase classname="webautomation.RadioButtonCheckbox" name="radioCheckbox" time="5.163"/>
  <system-out/>
</testsuite> <!-- webautomation.RadioButtonCheckbox -->
