<?xml version="1.0" encoding="UTF-8"?>
<!-- Generated by org.testng.reporters.JUnitReportReporter -->
<testsuite hostname="DESKTOP-5DA2VGQ" failures="0" tests="2" name="webautomation.Locators" time="15.966" errors="0" timestamp="2022-12-17T01:40:52 BDT" skipped="0">
  <testcase classname="webautomation.Locators" name="openUrl" time="4.489"/>
  <system-out/>
  <testcase classname="webautomation.Locators" name="testLocators" time="11.477"/>
  <system-out/>
</testsuite> <!-- webautomation.Locators -->
