<?xml version="1.0" encoding="UTF-8"?>
<!-- Generated by org.testng.reporters.JUnitReportReporter -->
<testsuite hostname="DESKTOP-5DA2VGQ" failures="0" tests="2" name="webautomation.Dropdown" time="9.071" errors="0" timestamp="2022-12-17T14:49:47 BDT" skipped="0">
  <testcase classname="webautomation.Dropdown" name="startWebSite" time="4.842"/>
  <system-out/>
  <testcase classname="webautomation.Dropdown" name="dropDown" time="4.229"/>
  <system-out/>
</testsuite> <!-- webautomation.Dropdown -->
