<?xml version="1.0" encoding="UTF-8"?>
<!-- Generated by org.testng.reporters.JUnitReportReporter -->
<testsuite hostname="DESKTOP-5DA2VGQ" failures="0" tests="2" name="webautomation.Alerts" time="42.502" errors="0" timestamp="2022-12-17T20:17:29 BDT" skipped="0">
  <testcase classname="webautomation.Alerts" name="startWebSite" time="11.905"/>
  <system-out/>
  <testcase classname="webautomation.Alerts" name="alertCheck" time="30.597"/>
  <system-out/>
</testsuite> <!-- webautomation.Alerts -->
